\BOOKMARK [1][-]{section.1}{Desert}{}% 1
\BOOKMARK [2][-]{section*.2}{Pecan Brittle Oatmeal Cookies}{section.1}% 2
\BOOKMARK [3][-]{section*.4}{Ginger Cookies}{section*.2}% 3
\BOOKMARK [3][-]{section*.6}{Baker's German Sweet Chocolate Cake}{section*.2}% 4
\BOOKMARK [3][-]{section*.8}{Apple Cake with Caramel Topping}{section*.2}% 5
\BOOKMARK [1][-]{section.2}{Yeast-y baking}{}% 6
\BOOKMARK [2][-]{section*.10}{Rye Bread}{section.2}% 7
\BOOKMARK [3][-]{section*.13}{Classic Focaccia Bread}{section*.10}% 8
\BOOKMARK [3][-]{section*.16}{Homemade Bagels}{section*.10}% 9
\BOOKMARK [1][-]{section.3}{Holiday favorites}{}% 10
\BOOKMARK [2][-]{section*.18}{Sweet Potato Biscuits}{section.3}% 11
\BOOKMARK [3][-]{section*.20}{Thanksgiving Stuffing}{section*.18}% 12
\BOOKMARK [3][-]{section*.22}{Mulled Wine}{section*.18}% 13
\BOOKMARK [1][-]{section.4}{Indian Food}{}% 14
\BOOKMARK [2][-]{section*.24}{Peanut Chutney and Dosas}{section.4}% 15
\BOOKMARK [3][-]{section*.26}{Paneer Masala}{section*.24}% 16
\BOOKMARK [1][-]{section.5}{Thai Food}{}% 17
\BOOKMARK [2][-]{section*.28}{Pad Thai Sauce}{section.5}% 18
\BOOKMARK [3][-]{section*.30}{Massaman Curry}{section*.28}% 19
\BOOKMARK [1][-]{section.6}{Food of Unclear Origins - potentially American}{}% 20
\BOOKMARK [2][-]{section*.32}{Ramen Carbonara}{section.6}% 21
